<?xml version="1.0" encoding="UTF-8"?>
<!-- Generated by org.testng.reporters.JUnitReportReporter -->
<testsuite hostname="DESKTOP-NB5U873" failures="0" tests="1" name="tests.CareersTest" time="2.784" errors="0" timestamp="2021-11-21T15:17:23 COT" skipped="0">
  <testcase classname="tests.CareersTest" name="checkUserCanProcessCredit" time="2.784"/>
  <system-out/>
</testsuite> <!-- tests.CareersTest -->
